<?xml version="1.0" encoding="UTF-8"?>
<!-- Generated by org.testng.reporters.JUnitXMLReporter -->
<testsuite hostname="Sara-Laptop" name="All Tests" tests="7" failures="1" timestamp="24 May 2020 20:29:29 GMT" time="19.577" errors="0">
  <testcase name="verifySearchResults" time="3.179" classname="tests.GoogleSearchTest"/>
  <testcase name="verifyIfThirdResultContainsSpecificText" time="0.134" classname="tests.GoogleSearchResultsTest">
    <failure type="java.lang.AssertionError" message="Cant&amp;apos;t find (What is Selenium WebDriver?) at the third result&amp;apos;s text expected [true] but found [false]">
      <![CDATA[java.lang.AssertionError: Cant't find (What is Selenium WebDriver?) at the third result's text expected [true] but found [false]
	at org.testng.Assert.fail(Assert.java:94)
	at org.testng.Assert.failNotEquals(Assert.java:513)
	at org.testng.Assert.assertTrue(Assert.java:42)
	at tests.GoogleSearchResultsTest.verifyIfThirdResultContainsSpecificText(GoogleSearchResultsTest.java:32)
	at sun.reflect.NativeMethodAccessorImpl.invoke0(Native Method)
	at sun.reflect.NativeMethodAccessorImpl.invoke(Unknown Source)
	at sun.reflect.DelegatingMethodAccessorImpl.invoke(Unknown Source)
	at java.lang.reflect.Method.invoke(Unknown Source)
	at org.testng.internal.MethodInvocationHelper.invokeMethod(MethodInvocationHelper.java:86)
	at org.testng.internal.Invoker.invokeMethod(Invoker.java:645)
	at org.testng.internal.Invoker.invokeTestMethod(Invoker.java:822)
	at org.testng.internal.Invoker.invokeTestMethods(Invoker.java:1130)
	at org.testng.internal.TestMethodWorker.invokeTestMethods(TestMethodWorker.java:129)
	at org.testng.internal.TestMethodWorker.run(TestMethodWorker.java:112)
	at org.testng.TestRunner.privateRun(TestRunner.java:782)
	at org.testng.TestRunner.run(TestRunner.java:632)
	at org.testng.SuiteRunner.runTest(SuiteRunner.java:366)
	at org.testng.SuiteRunner.runSequentially(SuiteRunner.java:361)
	at org.testng.SuiteRunner.privateRun(SuiteRunner.java:319)
	at org.testng.SuiteRunner.run(SuiteRunner.java:268)
	at org.testng.SuiteRunnerWorker.runSuite(SuiteRunnerWorker.java:52)
	at org.testng.SuiteRunnerWorker.run(SuiteRunnerWorker.java:86)
	at org.testng.TestNG.runSuitesSequentially(TestNG.java:1244)
	at org.testng.TestNG.runSuitesLocally(TestNG.java:1169)
	at org.testng.TestNG.run(TestNG.java:1064)
	at org.testng.remote.RemoteTestNG.run(RemoteTestNG.java:113)
	at org.testng.remote.RemoteTestNG.initAndRun(RemoteTestNG.java:206)
	at org.testng.remote.RemoteTestNG.main(RemoteTestNG.java:177)
]]>
    </failure>
  </testcase> <!-- verifyIfThirdResultContainsSpecificText -->
  <testcase name="verifyOpeningFileUploaderPage" time="5.265" classname="tests.FileUploaderTest"/>
  <testcase name="verifyUploadingFile" time="0.856" classname="tests.FileUploaderTest"/>
  <testcase name="verifyOpeningDynamicLoadingPage" time="1.133" classname="tests.DynamicLoadingTest"/>
  <testcase name="verifyNavigatingToDynamicLoagingExample2" time="0.64" classname="tests.DynamicLoadingTest"/>
  <testcase name="verifyStartingTheDynamicLoadging" time="5.15" classname="tests.DynamicLoadingTest"/>
</testsuite> <!-- All Tests -->
